<?xml version="1.0" encoding="UTF-8"?>
<testsuite name="PythagoreanTripletTest" tests="7" skipped="0" failures="0" errors="0" timestamp="2022-06-22T13:29:44" hostname="LAPTOP-76M080U7" time="4.076">
  <properties/>
  <testcase name="tripletsWhoseSumIs1000" classname="PythagoreanTripletTest" time="0.015"/>
  <testcase name="tripletsWhoseSumIs1001" classname="PythagoreanTripletTest" time="0.007"/>
  <testcase name="tripletsWhoseSumIs108" classname="PythagoreanTripletTest" time="0.0"/>
  <testcase name="tripletsWhoseSumIs840" classname="PythagoreanTripletTest" time="0.004"/>
  <testcase name="tripletsWhoseSumIs12" classname="PythagoreanTripletTest" time="0.0"/>
  <testcase name="tripletsWhoseSumIs90" classname="PythagoreanTripletTest" time="0.0"/>
  <testcase name="tripletsWhoseSumIs30000" classname="PythagoreanTripletTest" time="4.05"/>
  <system-out><![CDATA[]]></system-out>
  <system-err><![CDATA[]]></system-err>
</testsuite>
